<?xml version="1.0" encoding="UTF-8"?>
<testng-results ignored="0" total="2" passed="2" failed="0" skipped="0">
  <reporter-output>
  </reporter-output>
  <suite started-at="2024-12-27T19:16:43 EET" name="Default suite" finished-at="2024-12-27T19:16:45 EET" duration-ms="2217">
    <groups>
    </groups>
    <test started-at="2024-12-27T19:16:43 EET" name="Default test" finished-at="2024-12-27T19:16:45 EET" duration-ms="2217">
      <class name="firstproject.MyTestCases">
        <test-method is-config="true" signature="mySetup()[pri:0, instance:firstproject.MyTestCases@44040454]" started-at="2024-12-27T19:16:43 EET" name="mySetup" finished-at="2024-12-27T19:16:45 EET" duration-ms="1918" status="PASS">
          <reporter-output>
          </reporter-output>
        </test-method> <!-- mySetup -->
        <test-method signature="myFirstTest()[pri:0, instance:firstproject.MyTestCases@44040454]" started-at="2024-12-27T19:16:45 EET" name="myFirstTest" finished-at="2024-12-27T19:16:45 EET" duration-ms="253" status="PASS">
          <reporter-output>
          </reporter-output>
        </test-method> <!-- myFirstTest -->
        <test-method signature="mySecondTest()[pri:0, instance:firstproject.MyTestCases@44040454]" started-at="2024-12-27T19:16:45 EET" name="mySecondTest" finished-at="2024-12-27T19:16:45 EET" duration-ms="2" status="PASS">
          <reporter-output>
          </reporter-output>
        </test-method> <!-- mySecondTest -->
        <test-method is-config="true" signature="Final()[pri:0, instance:firstproject.MyTestCases@44040454]" started-at="2024-12-27T19:16:45 EET" name="Final" finished-at="2024-12-27T19:16:45 EET" duration-ms="1" status="PASS">
          <reporter-output>
          </reporter-output>
        </test-method> <!-- Final -->
      </class> <!-- firstproject.MyTestCases -->
    </test> <!-- Default test -->
  </suite> <!-- Default suite -->
</testng-results>
